<?xml version="1.0" encoding="UTF-8"?>
<!-- Generated by org.testng.reporters.JUnitReportReporter -->
<testsuite hostname="SOUBHAGYA-PC" failures="0" tests="1" name="CucumberE2E.CucumberTestNGInteg.AppTest" time="0.012" errors="0" timestamp="2022-02-04T19:42:10 IST" skipped="0">
  <testcase classname="CucumberE2E.CucumberTestNGInteg.AppTest" name="shouldAnswerWithTrue" time="0.012"/>
  <system-out/>
</testsuite> <!-- CucumberE2E.CucumberTestNGInteg.AppTest -->
