<?xml version="1.0" encoding="UTF-8"?>
<!-- Generated by org.testng.reporters.JUnitReportReporter -->
<testsuite hostname="SOUBHAGYA-PC" failures="0" tests="1" name="cucumberOptions.TestRunner2" time="24.724" errors="0" timestamp="2022-01-25T23:01:23 IST" skipped="0">
  <testcase classname="cucumberOptions.TestRunner2" name="runScenario" time="24.724"/>
  <system-out/>
</testsuite> <!-- cucumberOptions.TestRunner2 -->
